[debug] [2021-05-26T18:45:29.985Z] ----------------------------------------------------------------------
[debug] [2021-05-26T18:45:29.986Z] Command:       /Users/gregmurray/.nvm/versions/node/v12.18.2/bin/node /Users/gregmurray/.nvm/versions/node/v12.18.2/bin/firebase emulators:start
[debug] [2021-05-26T18:45:29.987Z] CLI Version:   9.10.0
[debug] [2021-05-26T18:45:29.987Z] Platform:      darwin
[debug] [2021-05-26T18:45:29.987Z] Node Version:  v12.18.2
[debug] [2021-05-26T18:45:29.988Z] Time:          Wed May 26 2021 14:45:29 GMT-0400 (Eastern Daylight Time)
[debug] [2021-05-26T18:45:29.988Z] ----------------------------------------------------------------------
[debug] 
[debug] [2021-05-26T18:45:29.995Z] > command requires scopes: ["email","openid","https://www.googleapis.com/auth/cloudplatformprojects.readonly","https://www.googleapis.com/auth/firebase","https://www.googleapis.com/auth/cloud-platform"]
[debug] [2021-05-26T18:45:29.995Z] > authorizing via signed-in user (yaboigotsnacks@gmail.com)
[info] i  emulators: Starting emulators: auth, functions, firestore {"metadata":{"emulator":{"name":"hub"},"message":"Starting emulators: auth, functions, firestore"}}
[debug] [2021-05-26T18:45:30.008Z] [hub] writing locator at /var/folders/sl/pgjl1dnj639_5ckvzg537xwm0000gn/T/hub-ccl-content.json
[warn] ⚠  functions: The following emulators are not running, calls to these services from the Functions emulator will affect production: database, hosting, pubsub {"metadata":{"emulator":{"name":"functions"},"message":"The following emulators are not running, calls to these services from the Functions emulator will affect production: \u001b[1mdatabase, hosting, pubsub\u001b[22m"}}
[info] ✔  functions: Using node@12 from host. {"metadata":{"emulator":{"name":"functions"},"message":"Using node@12 from host."}}
[warn] ⚠  functions: Your GOOGLE_APPLICATION_CREDENTIALS environment variable points to secret/ccl-content-firebase-adminsdk-61afp-3d9cbd5c00.json. Non-emulated services will access production using these credentials. Be careful! {"metadata":{"emulator":{"name":"functions"},"message":"Your GOOGLE_APPLICATION_CREDENTIALS environment variable points to secret/ccl-content-firebase-adminsdk-61afp-3d9cbd5c00.json. Non-emulated services will access production using these credentials. Be careful!"}}
[debug] [2021-05-26T18:45:30.035Z] > refreshing access token with scopes: []
[debug] [2021-05-26T18:45:30.036Z] >>> HTTP REQUEST POST https://www.googleapis.com/oauth2/v3/token  
 <request body omitted>
[debug] [2021-05-26T18:45:30.170Z] <<< HTTP RESPONSE 200 {"expires":"Mon, 01 Jan 1990 00:00:00 GMT","date":"Wed, 26 May 2021 18:45:30 GMT","cache-control":"no-cache, no-store, max-age=0, must-revalidate","pragma":"no-cache","content-type":"application/json; charset=utf-8","vary":"X-Origin, Referer, Origin,Accept-Encoding","server":"scaffolding on HTTPServer2","x-xss-protection":"0","x-frame-options":"SAMEORIGIN","x-content-type-options":"nosniff","alt-svc":"h3-29=\":443\"; ma=2592000,h3-T051=\":443\"; ma=2592000,h3-Q050=\":443\"; ma=2592000,h3-Q046=\":443\"; ma=2592000,h3-Q043=\":443\"; ma=2592000,quic=\":443\"; ma=2592000; v=\"46,43\"","accept-ranges":"none","transfer-encoding":"chunked"}
[debug] [2021-05-26T18:45:30.201Z] >>> [apiv2][query] GET https://firebase.googleapis.com/v1beta1/projects/ccl-content/adminSdkConfig [none]
[debug] [2021-05-26T18:45:30.461Z] <<< [apiv2][status] GET https://firebase.googleapis.com/v1beta1/projects/ccl-content/adminSdkConfig 200
[debug] [2021-05-26T18:45:30.461Z] <<< [apiv2][body] GET https://firebase.googleapis.com/v1beta1/projects/ccl-content/adminSdkConfig {"projectId":"ccl-content","databaseURL":"https://ccl-content-default-rtdb.firebaseio.com","storageBucket":"ccl-content.appspot.com","locationId":"us-central"}
[debug] [2021-05-26T18:45:30.774Z] Ignoring unsupported arg: projectId {"metadata":{"emulator":{"name":"firestore"},"message":"Ignoring unsupported arg: projectId"}}
[debug] [2021-05-26T18:45:30.775Z] Ignoring unsupported arg: auto_download {"metadata":{"emulator":{"name":"firestore"},"message":"Ignoring unsupported arg: auto_download"}}
[debug] [2021-05-26T18:45:30.775Z] Starting Firestore Emulator with command {"binary":"java","args":["-Dgoogle.cloud_firestore.debug_log_level=FINE","-Duser.language=en","-jar","/Users/gregmurray/.cache/firebase/emulators/cloud-firestore-emulator-v1.11.14.jar","--host","localhost","--port",8002,"--rules","/Users/gregmurray/Projects/ccl/firestore.rules","--functions_emulator","localhost:5001"],"optionalArgs":["port","webchannel_port","host","rules","functions_emulator","seed_from_export"],"joinArgs":false} {"metadata":{"emulator":{"name":"firestore"},"message":"Starting Firestore Emulator with command {\"binary\":\"java\",\"args\":[\"-Dgoogle.cloud_firestore.debug_log_level=FINE\",\"-Duser.language=en\",\"-jar\",\"/Users/gregmurray/.cache/firebase/emulators/cloud-firestore-emulator-v1.11.14.jar\",\"--host\",\"localhost\",\"--port\",8002,\"--rules\",\"/Users/gregmurray/Projects/ccl/firestore.rules\",\"--functions_emulator\",\"localhost:5001\"],\"optionalArgs\":[\"port\",\"webchannel_port\",\"host\",\"rules\",\"functions_emulator\",\"seed_from_export\"],\"joinArgs\":false}"}}
[info] i  firestore: Firestore Emulator logging to firestore-debug.log {"metadata":{"emulator":{"name":"firestore"},"message":"Firestore Emulator logging to \u001b[1mfirestore-debug.log\u001b[22m"}}
[debug] [2021-05-26T18:45:37.132Z] May 26, 2021 2:45:37 PM com.google.cloud.datastore.emulator.firestore.websocket.WebSocketServer start
INFO: Started WebSocket server on ws://localhost:59224
 {"metadata":{"emulator":{"name":"firestore"},"message":"May 26, 2021 2:45:37 PM com.google.cloud.datastore.emulator.firestore.websocket.WebSocketServer start\nINFO: Started WebSocket server on ws://localhost:59224\n"}}
[debug] [2021-05-26T18:45:37.191Z] API endpoint: http://localhost {"metadata":{"emulator":{"name":"firestore"},"message":"API endpoint: http://localhost"}}
[debug] [2021-05-26T18:45:37.192Z] :8002
If you are using a library that supports the FIRESTORE_EMULATOR_HOST environment variable, run:

   export FIRESTORE_EMULATOR_HOST=localhost:8002

Dev App Server is now running.

 {"metadata":{"emulator":{"name":"firestore"},"message":":8002\nIf you are using a library that supports the FIRESTORE_EMULATOR_HOST environment variable, run:\n\n   export FIRESTORE_EMULATOR_HOST=localhost:8002\n\nDev App Server is now running.\n\n"}}
[warn] ⚠  ui: Emulator UI unable to start on port 4000, starting on 4002 instead. {"metadata":{"emulator":{"name":"ui"},"message":"Emulator UI unable to start on port 4000, starting on 4002 instead."}}
[debug] [2021-05-26T18:45:40.582Z] Ignoring unsupported arg: auto_download {"metadata":{"emulator":{"name":"ui"},"message":"Ignoring unsupported arg: auto_download"}}
[debug] [2021-05-26T18:45:40.583Z] Ignoring unsupported arg: port {"metadata":{"emulator":{"name":"ui"},"message":"Ignoring unsupported arg: port"}}
[debug] [2021-05-26T18:45:40.583Z] Starting Emulator UI with command {"binary":"node","args":["/Users/gregmurray/.cache/firebase/emulators/ui-v1.4.2/server.bundle.js"],"optionalArgs":[],"joinArgs":false} {"metadata":{"emulator":{"name":"ui"},"message":"Starting Emulator UI with command {\"binary\":\"node\",\"args\":[\"/Users/gregmurray/.cache/firebase/emulators/ui-v1.4.2/server.bundle.js\"],\"optionalArgs\":[],\"joinArgs\":false}"}}
[info] i  ui: Emulator UI logging to ui-debug.log {"metadata":{"emulator":{"name":"ui"},"message":"Emulator UI logging to \u001b[1mui-debug.log\u001b[22m"}}
[debug] [2021-05-26T18:45:40.699Z] Web / API server started at http://localhost:4002
 {"metadata":{"emulator":{"name":"ui"},"message":"Web / API server started at http://localhost:4002\n"}}
[info] i  functions: Watching "/Users/gregmurray/Projects/ccl/functions" for Cloud Functions... {"metadata":{"emulator":{"name":"functions"},"message":"Watching \"/Users/gregmurray/Projects/ccl/functions\" for Cloud Functions..."}}
[debug] [2021-05-26T18:45:40.854Z] [worker-pool] addWorker(~diagnostic~) {"metadata":{"emulator":{"name":"functions"},"message":"[worker-pool] addWorker(~diagnostic~)"}}
[debug] [2021-05-26T18:45:40.854Z] [worker-pool] Adding worker with key ~diagnostic~, total=1 {"metadata":{"emulator":{"name":"functions"},"message":"[worker-pool] Adding worker with key ~diagnostic~, total=1"}}
[debug] [2021-05-26T18:45:40.855Z] [worker-pool] submitWork(triggerId=) {"metadata":{"emulator":{"name":"functions"},"message":"[worker-pool] submitWork(triggerId=)"}}
[debug] [2021-05-26T18:45:40.855Z] [worker-~diagnostic~-a96c803b-3530-4318-a672-00498d25c4af]: Assigning socketPath: /var/folders/sl/pgjl1dnj639_5ckvzg537xwm0000gn/T/fire_emu_74369.sock {"metadata":{"emulator":{"name":"functions"},"message":"[worker-~diagnostic~-a96c803b-3530-4318-a672-00498d25c4af]: Assigning socketPath: /var/folders/sl/pgjl1dnj639_5ckvzg537xwm0000gn/T/fire_emu_74369.sock"}}
[debug] [2021-05-26T18:45:40.855Z] [worker-~diagnostic~-a96c803b-3530-4318-a672-00498d25c4af]: BUSY {"metadata":{"emulator":{"name":"functions"},"message":"[worker-~diagnostic~-a96c803b-3530-4318-a672-00498d25c4af]: BUSY"}}
[debug] [2021-05-26T18:45:41.055Z] [runtime-status] [74369] Functions runtime initialized. {"cwd":"/Users/gregmurray/Projects/ccl/functions","node_version":"12.18.2"} {"metadata":{"emulator":{"name":"functions"},"message":"[runtime-status] [74369] Functions runtime initialized. {\"cwd\":\"/Users/gregmurray/Projects/ccl/functions\",\"node_version\":\"12.18.2\"}"}}
[debug] [2021-05-26T18:45:41.055Z] [runtime-status] [74369] Disabled runtime features: undefined {"metadata":{"emulator":{"name":"functions"},"message":"[runtime-status] [74369] Disabled runtime features: undefined"}}
[debug] [2021-05-26T18:45:41.076Z] [runtime-status] [74369] Resolved module firebase-admin {"declared":true,"installed":true,"version":"9.8.0","resolution":"/Users/gregmurray/Projects/ccl/functions/node_modules/firebase-admin/lib/index.js"} {"metadata":{"emulator":{"name":"functions"},"message":"[runtime-status] [74369] Resolved module firebase-admin {\"declared\":true,\"installed\":true,\"version\":\"9.8.0\",\"resolution\":\"/Users/gregmurray/Projects/ccl/functions/node_modules/firebase-admin/lib/index.js\"}"}}
[debug] [2021-05-26T18:45:41.079Z] [runtime-status] [74369] Resolved module firebase-functions {"declared":true,"installed":true,"version":"3.13.2","resolution":"/Users/gregmurray/Projects/ccl/functions/node_modules/firebase-functions/lib/index.js"} {"metadata":{"emulator":{"name":"functions"},"message":"[runtime-status] [74369] Resolved module firebase-functions {\"declared\":true,\"installed\":true,\"version\":\"3.13.2\",\"resolution\":\"/Users/gregmurray/Projects/ccl/functions/node_modules/firebase-functions/lib/index.js\"}"}}
[debug] [2021-05-26T18:45:41.080Z] [runtime-status] [74369] Resolved module firebase-functions {"declared":true,"installed":true,"version":"3.13.2","resolution":"/Users/gregmurray/Projects/ccl/functions/node_modules/firebase-functions/lib/index.js"} {"metadata":{"emulator":{"name":"functions"},"message":"[runtime-status] [74369] Resolved module firebase-functions {\"declared\":true,\"installed\":true,\"version\":\"3.13.2\",\"resolution\":\"/Users/gregmurray/Projects/ccl/functions/node_modules/firebase-functions/lib/index.js\"}"}}
[debug] [2021-05-26T18:45:41.082Z] [runtime-status] [74369] Outgoing network have been stubbed. [{"name":"http","status":"mocked"},{"name":"http","status":"mocked"},{"name":"https","status":"mocked"},{"name":"https","status":"mocked"},{"name":"net","status":"mocked"}] {"metadata":{"emulator":{"name":"functions"},"message":"[runtime-status] [74369] Outgoing network have been stubbed. [{\"name\":\"http\",\"status\":\"mocked\"},{\"name\":\"http\",\"status\":\"mocked\"},{\"name\":\"https\",\"status\":\"mocked\"},{\"name\":\"https\",\"status\":\"mocked\"},{\"name\":\"net\",\"status\":\"mocked\"}]"}}
[debug] [2021-05-26T18:45:41.082Z] [runtime-status] [74369] Resolved module firebase-functions {"declared":true,"installed":true,"version":"3.13.2","resolution":"/Users/gregmurray/Projects/ccl/functions/node_modules/firebase-functions/lib/index.js"} {"metadata":{"emulator":{"name":"functions"},"message":"[runtime-status] [74369] Resolved module firebase-functions {\"declared\":true,\"installed\":true,\"version\":\"3.13.2\",\"resolution\":\"/Users/gregmurray/Projects/ccl/functions/node_modules/firebase-functions/lib/index.js\"}"}}
[debug] [2021-05-26T18:45:41.148Z] [runtime-status] [74369] Checked functions.config() {"config":{}} {"metadata":{"emulator":{"name":"functions"},"message":"[runtime-status] [74369] Checked functions.config() {\"config\":{}}"}}
[debug] [2021-05-26T18:45:41.148Z] [runtime-status] [74369] firebase-functions has been stubbed. {"functionsResolution":{"declared":true,"installed":true,"version":"3.13.2","resolution":"/Users/gregmurray/Projects/ccl/functions/node_modules/firebase-functions/lib/index.js"}} {"metadata":{"emulator":{"name":"functions"},"message":"[runtime-status] [74369] firebase-functions has been stubbed. {\"functionsResolution\":{\"declared\":true,\"installed\":true,\"version\":\"3.13.2\",\"resolution\":\"/Users/gregmurray/Projects/ccl/functions/node_modules/firebase-functions/lib/index.js\"}}"}}
[debug] [2021-05-26T18:45:41.148Z] [runtime-status] [74369] Resolved module firebase-functions {"declared":true,"installed":true,"version":"3.13.2","resolution":"/Users/gregmurray/Projects/ccl/functions/node_modules/firebase-functions/lib/index.js"} {"metadata":{"emulator":{"name":"functions"},"message":"[runtime-status] [74369] Resolved module firebase-functions {\"declared\":true,\"installed\":true,\"version\":\"3.13.2\",\"resolution\":\"/Users/gregmurray/Projects/ccl/functions/node_modules/firebase-functions/lib/index.js\"}"}}
[debug] [2021-05-26T18:45:41.158Z] [runtime-status] [74369] Resolved module firebase-admin {"declared":true,"installed":true,"version":"9.8.0","resolution":"/Users/gregmurray/Projects/ccl/functions/node_modules/firebase-admin/lib/index.js"} {"metadata":{"emulator":{"name":"functions"},"message":"[runtime-status] [74369] Resolved module firebase-admin {\"declared\":true,\"installed\":true,\"version\":\"9.8.0\",\"resolution\":\"/Users/gregmurray/Projects/ccl/functions/node_modules/firebase-admin/lib/index.js\"}"}}
[debug] [2021-05-26T18:45:41.159Z] [runtime-status] [74369] Resolved module firebase-functions {"declared":true,"installed":true,"version":"3.13.2","resolution":"/Users/gregmurray/Projects/ccl/functions/node_modules/firebase-functions/lib/index.js"} {"metadata":{"emulator":{"name":"functions"},"message":"[runtime-status] [74369] Resolved module firebase-functions {\"declared\":true,\"installed\":true,\"version\":\"3.13.2\",\"resolution\":\"/Users/gregmurray/Projects/ccl/functions/node_modules/firebase-functions/lib/index.js\"}"}}
[debug] [2021-05-26T18:45:41.159Z] [runtime-status] [74369] firebase-admin has been stubbed. {"adminResolution":{"declared":true,"installed":true,"version":"9.8.0","resolution":"/Users/gregmurray/Projects/ccl/functions/node_modules/firebase-admin/lib/index.js"}} {"metadata":{"emulator":{"name":"functions"},"message":"[runtime-status] [74369] firebase-admin has been stubbed. {\"adminResolution\":{\"declared\":true,\"installed\":true,\"version\":\"9.8.0\",\"resolution\":\"/Users/gregmurray/Projects/ccl/functions/node_modules/firebase-admin/lib/index.js\"}}"}}
[warn] ⚠  It looks like you're trying to access functions.config().admin but there is no value there. You can learn more about setting up config here: https://firebase.google.com/docs/functions/local-emulator {"metadata":{"emulator":{"name":"functions"},"message":"It looks like you're trying to access functions.config().admin but there is no value there. You can learn more about setting up config here: https://firebase.google.com/docs/functions/local-emulator"}}
[warn] ⚠  TypeError: Cannot read property 'iv' of undefined
    at getDecrypted (/Users/gregmurray/Projects/ccl/functions/lib/index.js:31:37)
    at Object.<anonymous> (/Users/gregmurray/Projects/ccl/functions/lib/index.js:41:35)
    at Module._compile (internal/modules/cjs/loader.js:1138:30)
    at Object.Module._extensions..js (internal/modules/cjs/loader.js:1158:10)
    at Module.load (internal/modules/cjs/loader.js:986:32)
    at Function.Module._load (internal/modules/cjs/loader.js:879:14)
    at Module.require (internal/modules/cjs/loader.js:1026:19)
    at require (internal/modules/cjs/helpers.js:72:18)
    at initializeRuntime (/Users/gregmurray/.nvm/versions/node/v12.18.2/lib/node_modules/firebase-tools/lib/emulator/functionsEmulatorRuntime.js:680:29)
    at processTicksAndRejections (internal/process/task_queues.js:97:5)
    at async handleMessage (/Users/gregmurray/.nvm/versions/node/v12.18.2/lib/node_modules/firebase-tools/lib/emulator/functionsEmulatorRuntime.js:718:20) {"metadata":{"emulator":{"name":"functions"},"message":"TypeError: Cannot read property 'iv' of undefined\n    at getDecrypted (/Users/gregmurray/Projects/ccl/functions/lib/index.js:31:37)\n    at Object.<anonymous> (/Users/gregmurray/Projects/ccl/functions/lib/index.js:41:35)\n    at Module._compile (internal/modules/cjs/loader.js:1138:30)\n    at Object.Module._extensions..js (internal/modules/cjs/loader.js:1158:10)\n    at Module.load (internal/modules/cjs/loader.js:986:32)\n    at Function.Module._load (internal/modules/cjs/loader.js:879:14)\n    at Module.require (internal/modules/cjs/loader.js:1026:19)\n    at require (internal/modules/cjs/helpers.js:72:18)\n    at initializeRuntime (/Users/gregmurray/.nvm/versions/node/v12.18.2/lib/node_modules/firebase-tools/lib/emulator/functionsEmulatorRuntime.js:680:29)\n    at processTicksAndRejections (internal/process/task_queues.js:97:5)\n    at async handleMessage (/Users/gregmurray/.nvm/versions/node/v12.18.2/lib/node_modules/firebase-tools/lib/emulator/functionsEmulatorRuntime.js:718:20)"}}
[warn] ⚠  We were unable to load your functions code. (see above)
   - It appears your code is written in Typescript, which must be compiled before emulation.
   - You may be able to run "npm run build" in your functions directory to resolve this. {"metadata":{"emulator":{"name":"functions"}}}
[debug] [2021-05-26T18:45:42.746Z] [worker-~diagnostic~-a96c803b-3530-4318-a672-00498d25c4af]: exited {"metadata":{"emulator":{"name":"functions"},"message":"[worker-~diagnostic~-a96c803b-3530-4318-a672-00498d25c4af]: exited"}}
[debug] [2021-05-26T18:45:42.746Z] [worker-~diagnostic~-a96c803b-3530-4318-a672-00498d25c4af]: FINISHED {"metadata":{"emulator":{"name":"functions"},"message":"[worker-~diagnostic~-a96c803b-3530-4318-a672-00498d25c4af]: FINISHED"}}
[debug] [2021-05-26T18:46:09.613Z] File /Users/gregmurray/Projects/ccl/functions/lib/email/mail.js.map changed, reloading triggers {"metadata":{"emulator":{"name":"functions"},"message":"File /Users/gregmurray/Projects/ccl/functions/lib/email/mail.js.map changed, reloading triggers"}}
[debug] [2021-05-26T18:46:09.613Z] File /Users/gregmurray/Projects/ccl/functions/lib/email/mail.js changed, reloading triggers {"metadata":{"emulator":{"name":"functions"},"message":"File /Users/gregmurray/Projects/ccl/functions/lib/email/mail.js changed, reloading triggers"}}
[debug] [2021-05-26T18:46:09.613Z] File /Users/gregmurray/Projects/ccl/functions/lib/index.js.map changed, reloading triggers {"metadata":{"emulator":{"name":"functions"},"message":"File /Users/gregmurray/Projects/ccl/functions/lib/index.js.map changed, reloading triggers"}}
[debug] [2021-05-26T18:46:09.613Z] File /Users/gregmurray/Projects/ccl/functions/lib/index.js changed, reloading triggers {"metadata":{"emulator":{"name":"functions"},"message":"File /Users/gregmurray/Projects/ccl/functions/lib/index.js changed, reloading triggers"}}
[debug] [2021-05-26T18:46:10.618Z] [worker-pool] Cleaned up workers for ~diagnostic~: 1 --> 0 {"metadata":{"emulator":{"name":"functions"},"message":"[worker-pool] Cleaned up workers for ~diagnostic~: 1 --> 0"}}
[debug] [2021-05-26T18:46:10.623Z] [worker-pool] addWorker(~diagnostic~) {"metadata":{"emulator":{"name":"functions"},"message":"[worker-pool] addWorker(~diagnostic~)"}}
[debug] [2021-05-26T18:46:10.623Z] [worker-pool] Adding worker with key ~diagnostic~, total=1 {"metadata":{"emulator":{"name":"functions"},"message":"[worker-pool] Adding worker with key ~diagnostic~, total=1"}}
[debug] [2021-05-26T18:46:10.624Z] [worker-pool] submitWork(triggerId=) {"metadata":{"emulator":{"name":"functions"},"message":"[worker-pool] submitWork(triggerId=)"}}
[debug] [2021-05-26T18:46:10.624Z] [worker-~diagnostic~-6d4cdb75-b05a-4930-ac48-4a1cf4e1a2cb]: Assigning socketPath: /var/folders/sl/pgjl1dnj639_5ckvzg537xwm0000gn/T/fire_emu_74387.sock {"metadata":{"emulator":{"name":"functions"},"message":"[worker-~diagnostic~-6d4cdb75-b05a-4930-ac48-4a1cf4e1a2cb]: Assigning socketPath: /var/folders/sl/pgjl1dnj639_5ckvzg537xwm0000gn/T/fire_emu_74387.sock"}}
[debug] [2021-05-26T18:46:10.624Z] [worker-~diagnostic~-6d4cdb75-b05a-4930-ac48-4a1cf4e1a2cb]: BUSY {"metadata":{"emulator":{"name":"functions"},"message":"[worker-~diagnostic~-6d4cdb75-b05a-4930-ac48-4a1cf4e1a2cb]: BUSY"}}
[debug] [2021-05-26T18:46:10.803Z] [runtime-status] [74387] Functions runtime initialized. {"cwd":"/Users/gregmurray/Projects/ccl/functions","node_version":"12.18.2"} {"metadata":{"emulator":{"name":"functions"},"message":"[runtime-status] [74387] Functions runtime initialized. {\"cwd\":\"/Users/gregmurray/Projects/ccl/functions\",\"node_version\":\"12.18.2\"}"}}
[debug] [2021-05-26T18:46:10.804Z] [runtime-status] [74387] Disabled runtime features: undefined {"metadata":{"emulator":{"name":"functions"},"message":"[runtime-status] [74387] Disabled runtime features: undefined"}}
[debug] [2021-05-26T18:46:10.806Z] [runtime-status] [74387] Resolved module firebase-admin {"declared":true,"installed":true,"version":"9.8.0","resolution":"/Users/gregmurray/Projects/ccl/functions/node_modules/firebase-admin/lib/index.js"} {"metadata":{"emulator":{"name":"functions"},"message":"[runtime-status] [74387] Resolved module firebase-admin {\"declared\":true,\"installed\":true,\"version\":\"9.8.0\",\"resolution\":\"/Users/gregmurray/Projects/ccl/functions/node_modules/firebase-admin/lib/index.js\"}"}}
[debug] [2021-05-26T18:46:10.807Z] [runtime-status] [74387] Resolved module firebase-functions {"declared":true,"installed":true,"version":"3.13.2","resolution":"/Users/gregmurray/Projects/ccl/functions/node_modules/firebase-functions/lib/index.js"} {"metadata":{"emulator":{"name":"functions"},"message":"[runtime-status] [74387] Resolved module firebase-functions {\"declared\":true,\"installed\":true,\"version\":\"3.13.2\",\"resolution\":\"/Users/gregmurray/Projects/ccl/functions/node_modules/firebase-functions/lib/index.js\"}"}}
[debug] [2021-05-26T18:46:10.808Z] [runtime-status] [74387] Resolved module firebase-functions {"declared":true,"installed":true,"version":"3.13.2","resolution":"/Users/gregmurray/Projects/ccl/functions/node_modules/firebase-functions/lib/index.js"} {"metadata":{"emulator":{"name":"functions"},"message":"[runtime-status] [74387] Resolved module firebase-functions {\"declared\":true,\"installed\":true,\"version\":\"3.13.2\",\"resolution\":\"/Users/gregmurray/Projects/ccl/functions/node_modules/firebase-functions/lib/index.js\"}"}}
[debug] [2021-05-26T18:46:10.810Z] [runtime-status] [74387] Outgoing network have been stubbed. [{"name":"http","status":"mocked"},{"name":"http","status":"mocked"},{"name":"https","status":"mocked"},{"name":"https","status":"mocked"},{"name":"net","status":"mocked"}] {"metadata":{"emulator":{"name":"functions"},"message":"[runtime-status] [74387] Outgoing network have been stubbed. [{\"name\":\"http\",\"status\":\"mocked\"},{\"name\":\"http\",\"status\":\"mocked\"},{\"name\":\"https\",\"status\":\"mocked\"},{\"name\":\"https\",\"status\":\"mocked\"},{\"name\":\"net\",\"status\":\"mocked\"}]"}}
[debug] [2021-05-26T18:46:10.810Z] [runtime-status] [74387] Resolved module firebase-functions {"declared":true,"installed":true,"version":"3.13.2","resolution":"/Users/gregmurray/Projects/ccl/functions/node_modules/firebase-functions/lib/index.js"} {"metadata":{"emulator":{"name":"functions"},"message":"[runtime-status] [74387] Resolved module firebase-functions {\"declared\":true,\"installed\":true,\"version\":\"3.13.2\",\"resolution\":\"/Users/gregmurray/Projects/ccl/functions/node_modules/firebase-functions/lib/index.js\"}"}}
[debug] [2021-05-26T18:46:10.846Z] [runtime-status] [74387] Checked functions.config() {"config":{}} {"metadata":{"emulator":{"name":"functions"},"message":"[runtime-status] [74387] Checked functions.config() {\"config\":{}}"}}
[debug] [2021-05-26T18:46:10.846Z] [runtime-status] [74387] firebase-functions has been stubbed. {"functionsResolution":{"declared":true,"installed":true,"version":"3.13.2","resolution":"/Users/gregmurray/Projects/ccl/functions/node_modules/firebase-functions/lib/index.js"}} {"metadata":{"emulator":{"name":"functions"},"message":"[runtime-status] [74387] firebase-functions has been stubbed. {\"functionsResolution\":{\"declared\":true,\"installed\":true,\"version\":\"3.13.2\",\"resolution\":\"/Users/gregmurray/Projects/ccl/functions/node_modules/firebase-functions/lib/index.js\"}}"}}
[debug] [2021-05-26T18:46:10.847Z] [runtime-status] [74387] Resolved module firebase-functions {"declared":true,"installed":true,"version":"3.13.2","resolution":"/Users/gregmurray/Projects/ccl/functions/node_modules/firebase-functions/lib/index.js"} {"metadata":{"emulator":{"name":"functions"},"message":"[runtime-status] [74387] Resolved module firebase-functions {\"declared\":true,\"installed\":true,\"version\":\"3.13.2\",\"resolution\":\"/Users/gregmurray/Projects/ccl/functions/node_modules/firebase-functions/lib/index.js\"}"}}
[debug] [2021-05-26T18:46:10.847Z] [runtime-status] [74387] Resolved module firebase-admin {"declared":true,"installed":true,"version":"9.8.0","resolution":"/Users/gregmurray/Projects/ccl/functions/node_modules/firebase-admin/lib/index.js"} {"metadata":{"emulator":{"name":"functions"},"message":"[runtime-status] [74387] Resolved module firebase-admin {\"declared\":true,\"installed\":true,\"version\":\"9.8.0\",\"resolution\":\"/Users/gregmurray/Projects/ccl/functions/node_modules/firebase-admin/lib/index.js\"}"}}
[debug] [2021-05-26T18:46:10.848Z] [runtime-status] [74387] Resolved module firebase-functions {"declared":true,"installed":true,"version":"3.13.2","resolution":"/Users/gregmurray/Projects/ccl/functions/node_modules/firebase-functions/lib/index.js"} {"metadata":{"emulator":{"name":"functions"},"message":"[runtime-status] [74387] Resolved module firebase-functions {\"declared\":true,\"installed\":true,\"version\":\"3.13.2\",\"resolution\":\"/Users/gregmurray/Projects/ccl/functions/node_modules/firebase-functions/lib/index.js\"}"}}
[debug] [2021-05-26T18:46:10.848Z] [runtime-status] [74387] firebase-admin has been stubbed. {"adminResolution":{"declared":true,"installed":true,"version":"9.8.0","resolution":"/Users/gregmurray/Projects/ccl/functions/node_modules/firebase-admin/lib/index.js"}} {"metadata":{"emulator":{"name":"functions"},"message":"[runtime-status] [74387] firebase-admin has been stubbed. {\"adminResolution\":{\"declared\":true,\"installed\":true,\"version\":\"9.8.0\",\"resolution\":\"/Users/gregmurray/Projects/ccl/functions/node_modules/firebase-admin/lib/index.js\"}}"}}
[warn] ⚠  TypeError: Cannot read property 'iv' of undefined
    at getDecrypted (/Users/gregmurray/Projects/ccl/functions/lib/index.js:31:37)
    at Object.<anonymous> (/Users/gregmurray/Projects/ccl/functions/lib/index.js:41:35)
    at Module._compile (internal/modules/cjs/loader.js:1138:30)
    at Object.Module._extensions..js (internal/modules/cjs/loader.js:1158:10)
    at Module.load (internal/modules/cjs/loader.js:986:32)
    at Function.Module._load (internal/modules/cjs/loader.js:879:14)
    at Module.require (internal/modules/cjs/loader.js:1026:19)
    at require (internal/modules/cjs/helpers.js:72:18)
    at initializeRuntime (/Users/gregmurray/.nvm/versions/node/v12.18.2/lib/node_modules/firebase-tools/lib/emulator/functionsEmulatorRuntime.js:680:29)
    at processTicksAndRejections (internal/process/task_queues.js:97:5)
    at async handleMessage (/Users/gregmurray/.nvm/versions/node/v12.18.2/lib/node_modules/firebase-tools/lib/emulator/functionsEmulatorRuntime.js:718:20) {"metadata":{"emulator":{"name":"functions"},"message":"TypeError: Cannot read property 'iv' of undefined\n    at getDecrypted (/Users/gregmurray/Projects/ccl/functions/lib/index.js:31:37)\n    at Object.<anonymous> (/Users/gregmurray/Projects/ccl/functions/lib/index.js:41:35)\n    at Module._compile (internal/modules/cjs/loader.js:1138:30)\n    at Object.Module._extensions..js (internal/modules/cjs/loader.js:1158:10)\n    at Module.load (internal/modules/cjs/loader.js:986:32)\n    at Function.Module._load (internal/modules/cjs/loader.js:879:14)\n    at Module.require (internal/modules/cjs/loader.js:1026:19)\n    at require (internal/modules/cjs/helpers.js:72:18)\n    at initializeRuntime (/Users/gregmurray/.nvm/versions/node/v12.18.2/lib/node_modules/firebase-tools/lib/emulator/functionsEmulatorRuntime.js:680:29)\n    at processTicksAndRejections (internal/process/task_queues.js:97:5)\n    at async handleMessage (/Users/gregmurray/.nvm/versions/node/v12.18.2/lib/node_modules/firebase-tools/lib/emulator/functionsEmulatorRuntime.js:718:20)"}}
[warn] ⚠  We were unable to load your functions code. (see above)
   - It appears your code is written in Typescript, which must be compiled before emulation.
   - You may be able to run "npm run build" in your functions directory to resolve this. {"metadata":{"emulator":{"name":"functions"}}}
[debug] [2021-05-26T18:46:11.479Z] [worker-~diagnostic~-6d4cdb75-b05a-4930-ac48-4a1cf4e1a2cb]: exited {"metadata":{"emulator":{"name":"functions"},"message":"[worker-~diagnostic~-6d4cdb75-b05a-4930-ac48-4a1cf4e1a2cb]: exited"}}
[debug] [2021-05-26T18:46:11.479Z] [worker-~diagnostic~-6d4cdb75-b05a-4930-ac48-4a1cf4e1a2cb]: FINISHED {"metadata":{"emulator":{"name":"functions"},"message":"[worker-~diagnostic~-6d4cdb75-b05a-4930-ac48-4a1cf4e1a2cb]: FINISHED"}}
