[debug] [2021-05-01T16:32:26.405Z] ----------------------------------------------------------------------
[debug] [2021-05-01T16:32:26.406Z] Command:       /Users/gregmurray/.nvm/versions/node/v12.18.2/bin/node /Users/gregmurray/.nvm/versions/node/v12.18.2/bin/firebase emulators:start --only functions
[debug] [2021-05-01T16:32:26.406Z] CLI Version:   9.10.0
[debug] [2021-05-01T16:32:26.406Z] Platform:      darwin
[debug] [2021-05-01T16:32:26.406Z] Node Version:  v12.18.2
[debug] [2021-05-01T16:32:26.407Z] Time:          Sat May 01 2021 12:32:26 GMT-0400 (Eastern Daylight Time)
[debug] [2021-05-01T16:32:26.407Z] ----------------------------------------------------------------------
[debug] 
[debug] [2021-05-01T16:32:26.414Z] > command requires scopes: ["email","openid","https://www.googleapis.com/auth/cloudplatformprojects.readonly","https://www.googleapis.com/auth/firebase","https://www.googleapis.com/auth/cloud-platform"]
[debug] [2021-05-01T16:32:26.414Z] > authorizing via signed-in user (yaboigotsnacks@gmail.com)
[info] i  emulators: Starting emulators: functions {"metadata":{"emulator":{"name":"hub"},"message":"Starting emulators: functions"}}
[debug] [2021-05-01T16:32:26.427Z] [hub] writing locator at /var/folders/sl/pgjl1dnj639_5ckvzg537xwm0000gn/T/hub-ccl-content.json
[warn] ⚠  functions: The following emulators are not running, calls to these services from the Functions emulator will affect production: auth, firestore, database, hosting, pubsub {"metadata":{"emulator":{"name":"functions"},"message":"The following emulators are not running, calls to these services from the Functions emulator will affect production: \u001b[1mauth, firestore, database, hosting, pubsub\u001b[22m"}}
[info] ✔  functions: Using node@12 from host. {"metadata":{"emulator":{"name":"functions"},"message":"Using node@12 from host."}}
[debug] [2021-05-01T16:32:26.446Z] defaultcredentials: writing to file /Users/gregmurray/.config/firebase/yaboigotsnacks_gmail_com_application_default_credentials.json
[debug] [2021-05-01T16:32:26.457Z] Setting GAC to /Users/gregmurray/.config/firebase/yaboigotsnacks_gmail_com_application_default_credentials.json {"metadata":{"emulator":{"name":"functions"},"message":"Setting GAC to /Users/gregmurray/.config/firebase/yaboigotsnacks_gmail_com_application_default_credentials.json"}}
[debug] [2021-05-01T16:32:26.458Z] >>> [apiv2][query] GET https://firebase.googleapis.com/v1beta1/projects/ccl-content/adminSdkConfig [none]
[debug] [2021-05-01T16:32:26.685Z] <<< [apiv2][status] GET https://firebase.googleapis.com/v1beta1/projects/ccl-content/adminSdkConfig 200
[debug] [2021-05-01T16:32:26.685Z] <<< [apiv2][body] GET https://firebase.googleapis.com/v1beta1/projects/ccl-content/adminSdkConfig {"projectId":"ccl-content","storageBucket":"ccl-content.appspot.com","locationId":"us-central"}
[debug] [2021-05-01T16:32:26.987Z] Ignoring unsupported arg: auto_download {"metadata":{"emulator":{"name":"ui"},"message":"Ignoring unsupported arg: auto_download"}}
[debug] [2021-05-01T16:32:26.987Z] Ignoring unsupported arg: port {"metadata":{"emulator":{"name":"ui"},"message":"Ignoring unsupported arg: port"}}
[debug] [2021-05-01T16:32:26.987Z] Starting Emulator UI with command {"binary":"node","args":["/Users/gregmurray/.cache/firebase/emulators/ui-v1.4.2/server.bundle.js"],"optionalArgs":[],"joinArgs":false} {"metadata":{"emulator":{"name":"ui"},"message":"Starting Emulator UI with command {\"binary\":\"node\",\"args\":[\"/Users/gregmurray/.cache/firebase/emulators/ui-v1.4.2/server.bundle.js\"],\"optionalArgs\":[],\"joinArgs\":false}"}}
[info] i  ui: Emulator UI logging to ui-debug.log {"metadata":{"emulator":{"name":"ui"},"message":"Emulator UI logging to \u001b[1mui-debug.log\u001b[22m"}}
[debug] [2021-05-01T16:32:27.079Z] Web / API server started at http://localhost:4000
 {"metadata":{"emulator":{"name":"ui"},"message":"Web / API server started at http://localhost:4000\n"}}
[info] i  functions: Watching "/Users/gregmurray/Projects/ccl/functions" for Cloud Functions... {"metadata":{"emulator":{"name":"functions"},"message":"Watching \"/Users/gregmurray/Projects/ccl/functions\" for Cloud Functions..."}}
[debug] [2021-05-01T16:32:27.257Z] [worker-pool] addWorker(~diagnostic~) {"metadata":{"emulator":{"name":"functions"},"message":"[worker-pool] addWorker(~diagnostic~)"}}
[debug] [2021-05-01T16:32:27.258Z] [worker-pool] Adding worker with key ~diagnostic~, total=1 {"metadata":{"emulator":{"name":"functions"},"message":"[worker-pool] Adding worker with key ~diagnostic~, total=1"}}
[debug] [2021-05-01T16:32:27.258Z] [worker-pool] submitWork(triggerId=) {"metadata":{"emulator":{"name":"functions"},"message":"[worker-pool] submitWork(triggerId=)"}}
[debug] [2021-05-01T16:32:27.258Z] [worker-~diagnostic~-3c24821d-6041-495f-bc85-1852c2142101]: Assigning socketPath: /var/folders/sl/pgjl1dnj639_5ckvzg537xwm0000gn/T/fire_emu_92848.sock {"metadata":{"emulator":{"name":"functions"},"message":"[worker-~diagnostic~-3c24821d-6041-495f-bc85-1852c2142101]: Assigning socketPath: /var/folders/sl/pgjl1dnj639_5ckvzg537xwm0000gn/T/fire_emu_92848.sock"}}
[debug] [2021-05-01T16:32:27.259Z] [worker-~diagnostic~-3c24821d-6041-495f-bc85-1852c2142101]: BUSY {"metadata":{"emulator":{"name":"functions"},"message":"[worker-~diagnostic~-3c24821d-6041-495f-bc85-1852c2142101]: BUSY"}}
[debug] [2021-05-01T16:32:27.404Z] [runtime-status] [92848] Functions runtime initialized. {"cwd":"/Users/gregmurray/Projects/ccl/functions","node_version":"12.18.2"} {"metadata":{"emulator":{"name":"functions"},"message":"[runtime-status] [92848] Functions runtime initialized. {\"cwd\":\"/Users/gregmurray/Projects/ccl/functions\",\"node_version\":\"12.18.2\"}"}}
[debug] [2021-05-01T16:32:27.404Z] [runtime-status] [92848] Disabled runtime features: undefined {"metadata":{"emulator":{"name":"functions"},"message":"[runtime-status] [92848] Disabled runtime features: undefined"}}
[debug] [2021-05-01T16:32:27.407Z] [runtime-status] [92848] Resolved module firebase-admin {"declared":true,"installed":true,"version":"9.7.0","resolution":"/Users/gregmurray/Projects/ccl/functions/node_modules/firebase-admin/lib/index.js"} {"metadata":{"emulator":{"name":"functions"},"message":"[runtime-status] [92848] Resolved module firebase-admin {\"declared\":true,\"installed\":true,\"version\":\"9.7.0\",\"resolution\":\"/Users/gregmurray/Projects/ccl/functions/node_modules/firebase-admin/lib/index.js\"}"}}
[debug] [2021-05-01T16:32:27.408Z] [runtime-status] [92848] Resolved module firebase-functions {"declared":true,"installed":true,"version":"3.13.2","resolution":"/Users/gregmurray/Projects/ccl/functions/node_modules/firebase-functions/lib/index.js"} {"metadata":{"emulator":{"name":"functions"},"message":"[runtime-status] [92848] Resolved module firebase-functions {\"declared\":true,\"installed\":true,\"version\":\"3.13.2\",\"resolution\":\"/Users/gregmurray/Projects/ccl/functions/node_modules/firebase-functions/lib/index.js\"}"}}
[debug] [2021-05-01T16:32:27.409Z] [runtime-status] [92848] Resolved module firebase-functions {"declared":true,"installed":true,"version":"3.13.2","resolution":"/Users/gregmurray/Projects/ccl/functions/node_modules/firebase-functions/lib/index.js"} {"metadata":{"emulator":{"name":"functions"},"message":"[runtime-status] [92848] Resolved module firebase-functions {\"declared\":true,\"installed\":true,\"version\":\"3.13.2\",\"resolution\":\"/Users/gregmurray/Projects/ccl/functions/node_modules/firebase-functions/lib/index.js\"}"}}
[debug] [2021-05-01T16:32:27.410Z] [runtime-status] [92848] Outgoing network have been stubbed. [{"name":"http","status":"mocked"},{"name":"http","status":"mocked"},{"name":"https","status":"mocked"},{"name":"https","status":"mocked"},{"name":"net","status":"mocked"}] {"metadata":{"emulator":{"name":"functions"},"message":"[runtime-status] [92848] Outgoing network have been stubbed. [{\"name\":\"http\",\"status\":\"mocked\"},{\"name\":\"http\",\"status\":\"mocked\"},{\"name\":\"https\",\"status\":\"mocked\"},{\"name\":\"https\",\"status\":\"mocked\"},{\"name\":\"net\",\"status\":\"mocked\"}]"}}
[debug] [2021-05-01T16:32:27.411Z] [runtime-status] [92848] Resolved module firebase-functions {"declared":true,"installed":true,"version":"3.13.2","resolution":"/Users/gregmurray/Projects/ccl/functions/node_modules/firebase-functions/lib/index.js"} {"metadata":{"emulator":{"name":"functions"},"message":"[runtime-status] [92848] Resolved module firebase-functions {\"declared\":true,\"installed\":true,\"version\":\"3.13.2\",\"resolution\":\"/Users/gregmurray/Projects/ccl/functions/node_modules/firebase-functions/lib/index.js\"}"}}
[debug] [2021-05-01T16:32:27.466Z] [runtime-status] [92848] Checked functions.config() {"config":{}} {"metadata":{"emulator":{"name":"functions"},"message":"[runtime-status] [92848] Checked functions.config() {\"config\":{}}"}}
[debug] [2021-05-01T16:32:27.466Z] [runtime-status] [92848] firebase-functions has been stubbed. {"functionsResolution":{"declared":true,"installed":true,"version":"3.13.2","resolution":"/Users/gregmurray/Projects/ccl/functions/node_modules/firebase-functions/lib/index.js"}} {"metadata":{"emulator":{"name":"functions"},"message":"[runtime-status] [92848] firebase-functions has been stubbed. {\"functionsResolution\":{\"declared\":true,\"installed\":true,\"version\":\"3.13.2\",\"resolution\":\"/Users/gregmurray/Projects/ccl/functions/node_modules/firebase-functions/lib/index.js\"}}"}}
[debug] [2021-05-01T16:32:27.467Z] [runtime-status] [92848] Resolved module firebase-functions {"declared":true,"installed":true,"version":"3.13.2","resolution":"/Users/gregmurray/Projects/ccl/functions/node_modules/firebase-functions/lib/index.js"} {"metadata":{"emulator":{"name":"functions"},"message":"[runtime-status] [92848] Resolved module firebase-functions {\"declared\":true,\"installed\":true,\"version\":\"3.13.2\",\"resolution\":\"/Users/gregmurray/Projects/ccl/functions/node_modules/firebase-functions/lib/index.js\"}"}}
[debug] [2021-05-01T16:32:27.467Z] [runtime-status] [92848] Resolved module firebase-admin {"declared":true,"installed":true,"version":"9.7.0","resolution":"/Users/gregmurray/Projects/ccl/functions/node_modules/firebase-admin/lib/index.js"} {"metadata":{"emulator":{"name":"functions"},"message":"[runtime-status] [92848] Resolved module firebase-admin {\"declared\":true,\"installed\":true,\"version\":\"9.7.0\",\"resolution\":\"/Users/gregmurray/Projects/ccl/functions/node_modules/firebase-admin/lib/index.js\"}"}}
[debug] [2021-05-01T16:32:27.468Z] [runtime-status] [92848] Resolved module firebase-functions {"declared":true,"installed":true,"version":"3.13.2","resolution":"/Users/gregmurray/Projects/ccl/functions/node_modules/firebase-functions/lib/index.js"} {"metadata":{"emulator":{"name":"functions"},"message":"[runtime-status] [92848] Resolved module firebase-functions {\"declared\":true,\"installed\":true,\"version\":\"3.13.2\",\"resolution\":\"/Users/gregmurray/Projects/ccl/functions/node_modules/firebase-functions/lib/index.js\"}"}}
[debug] [2021-05-01T16:32:27.468Z] [runtime-status] [92848] firebase-admin has been stubbed. {"adminResolution":{"declared":true,"installed":true,"version":"9.7.0","resolution":"/Users/gregmurray/Projects/ccl/functions/node_modules/firebase-admin/lib/index.js"}} {"metadata":{"emulator":{"name":"functions"},"message":"[runtime-status] [92848] firebase-admin has been stubbed. {\"adminResolution\":{\"declared\":true,\"installed\":true,\"version\":\"9.7.0\",\"resolution\":\"/Users/gregmurray/Projects/ccl/functions/node_modules/firebase-admin/lib/index.js\"}}"}}
[info] ✔  functions[helloWorld]: http function initialized (http://localhost:5001/ccl-content/us-central1/helloWorld). {"metadata":{"emulator":{"name":"functions"},"message":"\u001b[1mhttp\u001b[22m function initialized (http://localhost:5001/ccl-content/us-central1/helloWorld)."}}
[info] 
┌─────────────────────────────────────────────────────────────┐
│ ✔  All emulators ready! It is now safe to connect your app. │
│ i  View Emulator UI at http://localhost:4000                │
└─────────────────────────────────────────────────────────────┘

┌───────────┬────────────────┬─────────────────────────────────┐
│ Emulator  │ Host:Port      │ View in Emulator UI             │
├───────────┼────────────────┼─────────────────────────────────┤
│ Functions │ localhost:5001 │ http://localhost:4000/functions │
└───────────┴────────────────┴─────────────────────────────────┘
  Emulator Hub running at localhost:4400
  Other reserved ports: 4500

Issues? Report them at https://github.com/firebase/firebase-tools/issues and attach the *-debug.log files.
 
[debug] [2021-05-01T16:32:27.473Z] [worker-~diagnostic~-3c24821d-6041-495f-bc85-1852c2142101]: IDLE {"metadata":{"emulator":{"name":"functions"},"message":"[worker-~diagnostic~-3c24821d-6041-495f-bc85-1852c2142101]: IDLE"}}
[debug] [2021-05-01T16:32:36.144Z] [work-queue] {"queueLength":1,"workRunningCount":0}
[debug] [2021-05-01T16:32:36.144Z] [work-queue] {"queueLength":0,"workRunningCount":1}
[debug] [2021-05-01T16:32:36.145Z] Accepted request GET /ccl-content/us-central1/helloWorld --> helloWorld
[debug] [2021-05-01T16:32:36.150Z] [worker-pool] addWorker(helloWorld) {"metadata":{"emulator":{"name":"functions"},"message":"[worker-pool] addWorker(helloWorld)"}}
[debug] [2021-05-01T16:32:36.150Z] [worker-pool] Adding worker with key helloWorld, total=1 {"metadata":{"emulator":{"name":"functions"},"message":"[worker-pool] Adding worker with key helloWorld, total=1"}}
[debug] [2021-05-01T16:32:36.151Z] [worker-pool] submitWork(triggerId=helloWorld) {"metadata":{"emulator":{"name":"functions"},"message":"[worker-pool] submitWork(triggerId=helloWorld)"}}
[debug] [2021-05-01T16:32:36.151Z] [worker-helloWorld-1fc9e143-6b87-4283-9bd8-776b090dd94c]: Assigning socketPath: /var/folders/sl/pgjl1dnj639_5ckvzg537xwm0000gn/T/fire_emu_92849.sock {"metadata":{"emulator":{"name":"functions"},"message":"[worker-helloWorld-1fc9e143-6b87-4283-9bd8-776b090dd94c]: Assigning socketPath: /var/folders/sl/pgjl1dnj639_5ckvzg537xwm0000gn/T/fire_emu_92849.sock"}}
[debug] [2021-05-01T16:32:36.151Z] [worker-helloWorld-1fc9e143-6b87-4283-9bd8-776b090dd94c]: BUSY {"metadata":{"emulator":{"name":"functions"},"message":"[worker-helloWorld-1fc9e143-6b87-4283-9bd8-776b090dd94c]: BUSY"}}
[debug] [2021-05-01T16:32:36.318Z] [runtime-status] [92849] Functions runtime initialized. {"cwd":"/Users/gregmurray/Projects/ccl/functions","node_version":"12.18.2"} {"metadata":{"emulator":{"name":"functions"},"function":{"name":"helloWorld"},"message":"[runtime-status] [92849] Functions runtime initialized. {\"cwd\":\"/Users/gregmurray/Projects/ccl/functions\",\"node_version\":\"12.18.2\"}"}}
[debug] [2021-05-01T16:32:36.319Z] [runtime-status] [92849] Disabled runtime features: undefined {"metadata":{"emulator":{"name":"functions"},"function":{"name":"helloWorld"},"message":"[runtime-status] [92849] Disabled runtime features: undefined"}}
[debug] [2021-05-01T16:32:36.322Z] [runtime-status] [92849] Resolved module firebase-admin {"declared":true,"installed":true,"version":"9.7.0","resolution":"/Users/gregmurray/Projects/ccl/functions/node_modules/firebase-admin/lib/index.js"} {"metadata":{"emulator":{"name":"functions"},"function":{"name":"helloWorld"},"message":"[runtime-status] [92849] Resolved module firebase-admin {\"declared\":true,\"installed\":true,\"version\":\"9.7.0\",\"resolution\":\"/Users/gregmurray/Projects/ccl/functions/node_modules/firebase-admin/lib/index.js\"}"}}
[debug] [2021-05-01T16:32:36.322Z] [runtime-status] [92849] Resolved module firebase-functions {"declared":true,"installed":true,"version":"3.13.2","resolution":"/Users/gregmurray/Projects/ccl/functions/node_modules/firebase-functions/lib/index.js"} {"metadata":{"emulator":{"name":"functions"},"function":{"name":"helloWorld"},"message":"[runtime-status] [92849] Resolved module firebase-functions {\"declared\":true,\"installed\":true,\"version\":\"3.13.2\",\"resolution\":\"/Users/gregmurray/Projects/ccl/functions/node_modules/firebase-functions/lib/index.js\"}"}}
[debug] [2021-05-01T16:32:36.323Z] [runtime-status] [92849] Resolved module firebase-functions {"declared":true,"installed":true,"version":"3.13.2","resolution":"/Users/gregmurray/Projects/ccl/functions/node_modules/firebase-functions/lib/index.js"} {"metadata":{"emulator":{"name":"functions"},"function":{"name":"helloWorld"},"message":"[runtime-status] [92849] Resolved module firebase-functions {\"declared\":true,\"installed\":true,\"version\":\"3.13.2\",\"resolution\":\"/Users/gregmurray/Projects/ccl/functions/node_modules/firebase-functions/lib/index.js\"}"}}
[debug] [2021-05-01T16:32:36.325Z] [runtime-status] [92849] Outgoing network have been stubbed. [{"name":"http","status":"mocked"},{"name":"http","status":"mocked"},{"name":"https","status":"mocked"},{"name":"https","status":"mocked"},{"name":"net","status":"mocked"}] {"metadata":{"emulator":{"name":"functions"},"function":{"name":"helloWorld"},"message":"[runtime-status] [92849] Outgoing network have been stubbed. [{\"name\":\"http\",\"status\":\"mocked\"},{\"name\":\"http\",\"status\":\"mocked\"},{\"name\":\"https\",\"status\":\"mocked\"},{\"name\":\"https\",\"status\":\"mocked\"},{\"name\":\"net\",\"status\":\"mocked\"}]"}}
[debug] [2021-05-01T16:32:36.325Z] [runtime-status] [92849] Resolved module firebase-functions {"declared":true,"installed":true,"version":"3.13.2","resolution":"/Users/gregmurray/Projects/ccl/functions/node_modules/firebase-functions/lib/index.js"} {"metadata":{"emulator":{"name":"functions"},"function":{"name":"helloWorld"},"message":"[runtime-status] [92849] Resolved module firebase-functions {\"declared\":true,\"installed\":true,\"version\":\"3.13.2\",\"resolution\":\"/Users/gregmurray/Projects/ccl/functions/node_modules/firebase-functions/lib/index.js\"}"}}
[debug] [2021-05-01T16:32:36.371Z] [runtime-status] [92849] Checked functions.config() {"config":{}} {"metadata":{"emulator":{"name":"functions"},"function":{"name":"helloWorld"},"message":"[runtime-status] [92849] Checked functions.config() {\"config\":{}}"}}
[debug] [2021-05-01T16:32:36.371Z] [runtime-status] [92849] firebase-functions has been stubbed. {"functionsResolution":{"declared":true,"installed":true,"version":"3.13.2","resolution":"/Users/gregmurray/Projects/ccl/functions/node_modules/firebase-functions/lib/index.js"}} {"metadata":{"emulator":{"name":"functions"},"function":{"name":"helloWorld"},"message":"[runtime-status] [92849] firebase-functions has been stubbed. {\"functionsResolution\":{\"declared\":true,\"installed\":true,\"version\":\"3.13.2\",\"resolution\":\"/Users/gregmurray/Projects/ccl/functions/node_modules/firebase-functions/lib/index.js\"}}"}}
[debug] [2021-05-01T16:32:36.372Z] [runtime-status] [92849] Resolved module firebase-functions {"declared":true,"installed":true,"version":"3.13.2","resolution":"/Users/gregmurray/Projects/ccl/functions/node_modules/firebase-functions/lib/index.js"} {"metadata":{"emulator":{"name":"functions"},"function":{"name":"helloWorld"},"message":"[runtime-status] [92849] Resolved module firebase-functions {\"declared\":true,\"installed\":true,\"version\":\"3.13.2\",\"resolution\":\"/Users/gregmurray/Projects/ccl/functions/node_modules/firebase-functions/lib/index.js\"}"}}
[debug] [2021-05-01T16:32:36.372Z] [runtime-status] [92849] Resolved module firebase-admin {"declared":true,"installed":true,"version":"9.7.0","resolution":"/Users/gregmurray/Projects/ccl/functions/node_modules/firebase-admin/lib/index.js"} {"metadata":{"emulator":{"name":"functions"},"function":{"name":"helloWorld"},"message":"[runtime-status] [92849] Resolved module firebase-admin {\"declared\":true,\"installed\":true,\"version\":\"9.7.0\",\"resolution\":\"/Users/gregmurray/Projects/ccl/functions/node_modules/firebase-admin/lib/index.js\"}"}}
[debug] [2021-05-01T16:32:36.373Z] [runtime-status] [92849] Resolved module firebase-functions {"declared":true,"installed":true,"version":"3.13.2","resolution":"/Users/gregmurray/Projects/ccl/functions/node_modules/firebase-functions/lib/index.js"} {"metadata":{"emulator":{"name":"functions"},"function":{"name":"helloWorld"},"message":"[runtime-status] [92849] Resolved module firebase-functions {\"declared\":true,\"installed\":true,\"version\":\"3.13.2\",\"resolution\":\"/Users/gregmurray/Projects/ccl/functions/node_modules/firebase-functions/lib/index.js\"}"}}
[debug] [2021-05-01T16:32:36.373Z] [runtime-status] [92849] firebase-admin has been stubbed. {"adminResolution":{"declared":true,"installed":true,"version":"9.7.0","resolution":"/Users/gregmurray/Projects/ccl/functions/node_modules/firebase-admin/lib/index.js"}} {"metadata":{"emulator":{"name":"functions"},"function":{"name":"helloWorld"},"message":"[runtime-status] [92849] firebase-admin has been stubbed. {\"adminResolution\":{\"declared\":true,\"installed\":true,\"version\":\"9.7.0\",\"resolution\":\"/Users/gregmurray/Projects/ccl/functions/node_modules/firebase-admin/lib/index.js\"}}"}}
[debug] [2021-05-01T16:32:36.375Z] [runtime-status] [92849] Trigger "helloWorld" has been found, beginning invocation! {"metadata":{"emulator":{"name":"functions"},"function":{"name":"helloWorld"},"message":"[runtime-status] [92849] Trigger \"helloWorld\" has been found, beginning invocation!"}}
[info] i  functions: Beginning execution of "helloWorld" {"metadata":{"emulator":{"name":"functions"},"function":{"name":"helloWorld"},"message":"Beginning execution of \"helloWorld\""}}
[debug] [2021-05-01T16:32:36.376Z] [runtime-status] [92849] triggerDefinition {"httpsTrigger":{},"name":"helloWorld","entryPoint":"helloWorld"} {"metadata":{"emulator":{"name":"functions"},"function":{"name":"helloWorld"},"message":"[runtime-status] [92849] triggerDefinition {\"httpsTrigger\":{},\"name\":\"helloWorld\",\"entryPoint\":\"helloWorld\"}"}}
[debug] [2021-05-01T16:32:36.376Z] [runtime-status] [92849] Running helloWorld in mode HTTPS {"metadata":{"emulator":{"name":"functions"},"function":{"name":"helloWorld"},"message":"[runtime-status] [92849] Running helloWorld in mode HTTPS"}}
[debug] [2021-05-01T16:32:36.379Z] [runtime-status] [92849] Attempting to listen to socketPath: /var/folders/sl/pgjl1dnj639_5ckvzg537xwm0000gn/T/fire_emu_92849.sock {"metadata":{"emulator":{"name":"functions"},"function":{"name":"helloWorld"},"message":"[runtime-status] [92849] Attempting to listen to socketPath: /var/folders/sl/pgjl1dnj639_5ckvzg537xwm0000gn/T/fire_emu_92849.sock"}}
[debug] [2021-05-01T16:32:36.382Z] [functions] Runtime ready! Sending request! {"metadata":{"emulator":{"name":"functions"},"message":"[functions] Runtime ready! Sending request!"}}
[debug] [2021-05-01T16:32:36.383Z] [functions] Got req.url=/ccl-content/us-central1/helloWorld, mapping to path=/ {"metadata":{"emulator":{"name":"functions"},"message":"[functions] Got req.url=/ccl-content/us-central1/helloWorld, mapping to path=/"}}
[debug] [2021-05-01T16:32:36.389Z] [runtime-status] [92849] Ephemeral server handling GET request {"metadata":{"emulator":{"name":"functions"},"function":{"name":"helloWorld"},"message":"[runtime-status] [92849] Ephemeral server handling GET request"}}
[info] >  {"structuredData":true,"severity":"INFO","message":"Hello logs!"} {"user":{"structuredData":true,"severity":"INFO","message":"Hello logs!"},"metadata":{"emulator":{"name":"functions"},"function":{"name":"helloWorld"},"message":"\u001b[90m> \u001b[39m {\"structuredData\":true,\"severity\":\"INFO\",\"message\":\"Hello logs!\"}"}}
[debug] [2021-05-01T16:32:36.396Z] [runtime-status] [92849] Ephemeral server survived. {"metadata":{"emulator":{"name":"functions"},"function":{"name":"helloWorld"},"message":"[runtime-status] [92849] Ephemeral server survived."}}
[info] i  functions: Finished "helloWorld" in ~1s {"metadata":{"emulator":{"name":"functions"},"function":{"name":"helloWorld"},"message":"Finished \"helloWorld\" in ~1s"}}
[debug] [2021-05-01T16:32:36.399Z] [worker-helloWorld-1fc9e143-6b87-4283-9bd8-776b090dd94c]: IDLE {"metadata":{"emulator":{"name":"functions"},"message":"[worker-helloWorld-1fc9e143-6b87-4283-9bd8-776b090dd94c]: IDLE"}}
[debug] [2021-05-01T16:32:36.399Z] [work-queue] {"queueLength":0,"workRunningCount":0}
[debug] [2021-05-01T16:32:36.568Z] Functions emulator received unknown request at path /favicon.ico
[debug] [2021-05-01T16:34:46.419Z] File /Users/gregmurray/Projects/ccl/functions/src/index.ts changed, reloading triggers {"metadata":{"emulator":{"name":"functions"},"message":"File /Users/gregmurray/Projects/ccl/functions/src/index.ts changed, reloading triggers"}}
[debug] [2021-05-01T16:34:47.419Z] [worker-pool] Shutting down IDLE worker (~diagnostic~) {"metadata":{"emulator":{"name":"functions"},"message":"[worker-pool] Shutting down IDLE worker (~diagnostic~)"}}
[debug] [2021-05-01T16:34:47.419Z] [worker-~diagnostic~-3c24821d-6041-495f-bc85-1852c2142101]: FINISHING {"metadata":{"emulator":{"name":"functions"},"message":"[worker-~diagnostic~-3c24821d-6041-495f-bc85-1852c2142101]: FINISHING"}}
[debug] [2021-05-01T16:34:47.420Z] [worker-pool] Shutting down IDLE worker (helloWorld) {"metadata":{"emulator":{"name":"functions"},"message":"[worker-pool] Shutting down IDLE worker (helloWorld)"}}
[debug] [2021-05-01T16:34:47.420Z] [worker-helloWorld-1fc9e143-6b87-4283-9bd8-776b090dd94c]: FINISHING {"metadata":{"emulator":{"name":"functions"},"message":"[worker-helloWorld-1fc9e143-6b87-4283-9bd8-776b090dd94c]: FINISHING"}}
[debug] [2021-05-01T16:34:47.425Z] [worker-pool] addWorker(~diagnostic~) {"metadata":{"emulator":{"name":"functions"},"message":"[worker-pool] addWorker(~diagnostic~)"}}
[debug] [2021-05-01T16:34:47.426Z] [worker-pool] Adding worker with key ~diagnostic~, total=2 {"metadata":{"emulator":{"name":"functions"},"message":"[worker-pool] Adding worker with key ~diagnostic~, total=2"}}
[debug] [2021-05-01T16:34:47.426Z] [worker-pool] submitWork(triggerId=) {"metadata":{"emulator":{"name":"functions"},"message":"[worker-pool] submitWork(triggerId=)"}}
[debug] [2021-05-01T16:34:47.426Z] [worker-~diagnostic~-076ecf90-ca88-40fe-910e-59c618f93be5]: Assigning socketPath: /var/folders/sl/pgjl1dnj639_5ckvzg537xwm0000gn/T/fire_emu_92899.sock {"metadata":{"emulator":{"name":"functions"},"message":"[worker-~diagnostic~-076ecf90-ca88-40fe-910e-59c618f93be5]: Assigning socketPath: /var/folders/sl/pgjl1dnj639_5ckvzg537xwm0000gn/T/fire_emu_92899.sock"}}
[debug] [2021-05-01T16:34:47.426Z] [worker-~diagnostic~-076ecf90-ca88-40fe-910e-59c618f93be5]: BUSY {"metadata":{"emulator":{"name":"functions"},"message":"[worker-~diagnostic~-076ecf90-ca88-40fe-910e-59c618f93be5]: BUSY"}}
[debug] [2021-05-01T16:34:47.428Z] [worker-~diagnostic~-3c24821d-6041-495f-bc85-1852c2142101]: exited {"metadata":{"emulator":{"name":"functions"},"message":"[worker-~diagnostic~-3c24821d-6041-495f-bc85-1852c2142101]: exited"}}
[debug] [2021-05-01T16:34:47.428Z] [worker-~diagnostic~-3c24821d-6041-495f-bc85-1852c2142101]: FINISHED {"metadata":{"emulator":{"name":"functions"},"message":"[worker-~diagnostic~-3c24821d-6041-495f-bc85-1852c2142101]: FINISHED"}}
[debug] [2021-05-01T16:34:47.428Z] [worker-helloWorld-1fc9e143-6b87-4283-9bd8-776b090dd94c]: exited {"metadata":{"emulator":{"name":"functions"},"message":"[worker-helloWorld-1fc9e143-6b87-4283-9bd8-776b090dd94c]: exited"}}
[debug] [2021-05-01T16:34:47.429Z] [worker-helloWorld-1fc9e143-6b87-4283-9bd8-776b090dd94c]: FINISHED {"metadata":{"emulator":{"name":"functions"},"message":"[worker-helloWorld-1fc9e143-6b87-4283-9bd8-776b090dd94c]: FINISHED"}}
[debug] [2021-05-01T16:34:47.669Z] [runtime-status] [92899] Functions runtime initialized. {"cwd":"/Users/gregmurray/Projects/ccl/functions","node_version":"12.18.2"} {"metadata":{"emulator":{"name":"functions"},"message":"[runtime-status] [92899] Functions runtime initialized. {\"cwd\":\"/Users/gregmurray/Projects/ccl/functions\",\"node_version\":\"12.18.2\"}"}}
[debug] [2021-05-01T16:34:47.670Z] [runtime-status] [92899] Disabled runtime features: undefined {"metadata":{"emulator":{"name":"functions"},"message":"[runtime-status] [92899] Disabled runtime features: undefined"}}
[debug] [2021-05-01T16:34:47.672Z] [runtime-status] [92899] Resolved module firebase-admin {"declared":true,"installed":true,"version":"9.7.0","resolution":"/Users/gregmurray/Projects/ccl/functions/node_modules/firebase-admin/lib/index.js"} {"metadata":{"emulator":{"name":"functions"},"message":"[runtime-status] [92899] Resolved module firebase-admin {\"declared\":true,\"installed\":true,\"version\":\"9.7.0\",\"resolution\":\"/Users/gregmurray/Projects/ccl/functions/node_modules/firebase-admin/lib/index.js\"}"}}
[debug] [2021-05-01T16:34:47.674Z] [runtime-status] [92899] Resolved module firebase-functions {"declared":true,"installed":true,"version":"3.13.2","resolution":"/Users/gregmurray/Projects/ccl/functions/node_modules/firebase-functions/lib/index.js"} {"metadata":{"emulator":{"name":"functions"},"message":"[runtime-status] [92899] Resolved module firebase-functions {\"declared\":true,\"installed\":true,\"version\":\"3.13.2\",\"resolution\":\"/Users/gregmurray/Projects/ccl/functions/node_modules/firebase-functions/lib/index.js\"}"}}
[debug] [2021-05-01T16:34:47.674Z] [runtime-status] [92899] Resolved module firebase-functions {"declared":true,"installed":true,"version":"3.13.2","resolution":"/Users/gregmurray/Projects/ccl/functions/node_modules/firebase-functions/lib/index.js"} {"metadata":{"emulator":{"name":"functions"},"message":"[runtime-status] [92899] Resolved module firebase-functions {\"declared\":true,\"installed\":true,\"version\":\"3.13.2\",\"resolution\":\"/Users/gregmurray/Projects/ccl/functions/node_modules/firebase-functions/lib/index.js\"}"}}
[debug] [2021-05-01T16:34:47.675Z] [runtime-status] [92899] Outgoing network have been stubbed. [{"name":"http","status":"mocked"},{"name":"http","status":"mocked"},{"name":"https","status":"mocked"},{"name":"https","status":"mocked"},{"name":"net","status":"mocked"}] {"metadata":{"emulator":{"name":"functions"},"message":"[runtime-status] [92899] Outgoing network have been stubbed. [{\"name\":\"http\",\"status\":\"mocked\"},{\"name\":\"http\",\"status\":\"mocked\"},{\"name\":\"https\",\"status\":\"mocked\"},{\"name\":\"https\",\"status\":\"mocked\"},{\"name\":\"net\",\"status\":\"mocked\"}]"}}
[debug] [2021-05-01T16:34:47.676Z] [runtime-status] [92899] Resolved module firebase-functions {"declared":true,"installed":true,"version":"3.13.2","resolution":"/Users/gregmurray/Projects/ccl/functions/node_modules/firebase-functions/lib/index.js"} {"metadata":{"emulator":{"name":"functions"},"message":"[runtime-status] [92899] Resolved module firebase-functions {\"declared\":true,\"installed\":true,\"version\":\"3.13.2\",\"resolution\":\"/Users/gregmurray/Projects/ccl/functions/node_modules/firebase-functions/lib/index.js\"}"}}
[debug] [2021-05-01T16:34:47.715Z] [runtime-status] [92899] Checked functions.config() {"config":{}} {"metadata":{"emulator":{"name":"functions"},"message":"[runtime-status] [92899] Checked functions.config() {\"config\":{}}"}}
[debug] [2021-05-01T16:34:47.715Z] [runtime-status] [92899] firebase-functions has been stubbed. {"functionsResolution":{"declared":true,"installed":true,"version":"3.13.2","resolution":"/Users/gregmurray/Projects/ccl/functions/node_modules/firebase-functions/lib/index.js"}} {"metadata":{"emulator":{"name":"functions"},"message":"[runtime-status] [92899] firebase-functions has been stubbed. {\"functionsResolution\":{\"declared\":true,\"installed\":true,\"version\":\"3.13.2\",\"resolution\":\"/Users/gregmurray/Projects/ccl/functions/node_modules/firebase-functions/lib/index.js\"}}"}}
[debug] [2021-05-01T16:34:47.716Z] [runtime-status] [92899] Resolved module firebase-functions {"declared":true,"installed":true,"version":"3.13.2","resolution":"/Users/gregmurray/Projects/ccl/functions/node_modules/firebase-functions/lib/index.js"} {"metadata":{"emulator":{"name":"functions"},"message":"[runtime-status] [92899] Resolved module firebase-functions {\"declared\":true,\"installed\":true,\"version\":\"3.13.2\",\"resolution\":\"/Users/gregmurray/Projects/ccl/functions/node_modules/firebase-functions/lib/index.js\"}"}}
[debug] [2021-05-01T16:34:47.716Z] [runtime-status] [92899] Resolved module firebase-admin {"declared":true,"installed":true,"version":"9.7.0","resolution":"/Users/gregmurray/Projects/ccl/functions/node_modules/firebase-admin/lib/index.js"} {"metadata":{"emulator":{"name":"functions"},"message":"[runtime-status] [92899] Resolved module firebase-admin {\"declared\":true,\"installed\":true,\"version\":\"9.7.0\",\"resolution\":\"/Users/gregmurray/Projects/ccl/functions/node_modules/firebase-admin/lib/index.js\"}"}}
[debug] [2021-05-01T16:34:47.716Z] [runtime-status] [92899] Resolved module firebase-functions {"declared":true,"installed":true,"version":"3.13.2","resolution":"/Users/gregmurray/Projects/ccl/functions/node_modules/firebase-functions/lib/index.js"} {"metadata":{"emulator":{"name":"functions"},"message":"[runtime-status] [92899] Resolved module firebase-functions {\"declared\":true,\"installed\":true,\"version\":\"3.13.2\",\"resolution\":\"/Users/gregmurray/Projects/ccl/functions/node_modules/firebase-functions/lib/index.js\"}"}}
[debug] [2021-05-01T16:34:47.717Z] [runtime-status] [92899] firebase-admin has been stubbed. {"adminResolution":{"declared":true,"installed":true,"version":"9.7.0","resolution":"/Users/gregmurray/Projects/ccl/functions/node_modules/firebase-admin/lib/index.js"}} {"metadata":{"emulator":{"name":"functions"},"message":"[runtime-status] [92899] firebase-admin has been stubbed. {\"adminResolution\":{\"declared\":true,\"installed\":true,\"version\":\"9.7.0\",\"resolution\":\"/Users/gregmurray/Projects/ccl/functions/node_modules/firebase-admin/lib/index.js\"}}"}}
[debug] [2021-05-01T16:34:47.719Z] [worker-~diagnostic~-076ecf90-ca88-40fe-910e-59c618f93be5]: IDLE {"metadata":{"emulator":{"name":"functions"},"message":"[worker-~diagnostic~-076ecf90-ca88-40fe-910e-59c618f93be5]: IDLE"}}
[debug] [2021-05-01T16:35:02.929Z] File /Users/gregmurray/Projects/ccl/functions/lib/index.js.map changed, reloading triggers {"metadata":{"emulator":{"name":"functions"},"message":"File /Users/gregmurray/Projects/ccl/functions/lib/index.js.map changed, reloading triggers"}}
[debug] [2021-05-01T16:35:02.929Z] File /Users/gregmurray/Projects/ccl/functions/lib/index.js changed, reloading triggers {"metadata":{"emulator":{"name":"functions"},"message":"File /Users/gregmurray/Projects/ccl/functions/lib/index.js changed, reloading triggers"}}
[debug] [2021-05-01T16:35:03.934Z] [worker-pool] Shutting down IDLE worker (~diagnostic~) {"metadata":{"emulator":{"name":"functions"},"message":"[worker-pool] Shutting down IDLE worker (~diagnostic~)"}}
[debug] [2021-05-01T16:35:03.935Z] [worker-~diagnostic~-076ecf90-ca88-40fe-910e-59c618f93be5]: FINISHING {"metadata":{"emulator":{"name":"functions"},"message":"[worker-~diagnostic~-076ecf90-ca88-40fe-910e-59c618f93be5]: FINISHING"}}
[debug] [2021-05-01T16:35:03.935Z] [worker-pool] Cleaned up workers for ~diagnostic~: 2 --> 1 {"metadata":{"emulator":{"name":"functions"},"message":"[worker-pool] Cleaned up workers for ~diagnostic~: 2 --> 1"}}
[debug] [2021-05-01T16:35:03.935Z] [worker-pool] Cleaned up workers for helloWorld: 1 --> 0 {"metadata":{"emulator":{"name":"functions"},"message":"[worker-pool] Cleaned up workers for helloWorld: 1 --> 0"}}
[debug] [2021-05-01T16:35:03.942Z] [worker-pool] addWorker(~diagnostic~) {"metadata":{"emulator":{"name":"functions"},"message":"[worker-pool] addWorker(~diagnostic~)"}}
[debug] [2021-05-01T16:35:03.942Z] [worker-pool] Adding worker with key ~diagnostic~, total=2 {"metadata":{"emulator":{"name":"functions"},"message":"[worker-pool] Adding worker with key ~diagnostic~, total=2"}}
[debug] [2021-05-01T16:35:03.942Z] [worker-pool] submitWork(triggerId=) {"metadata":{"emulator":{"name":"functions"},"message":"[worker-pool] submitWork(triggerId=)"}}
[debug] [2021-05-01T16:35:03.943Z] [worker-~diagnostic~-e9dbd173-5afc-42ea-87c2-eb198f1ae995]: Assigning socketPath: /var/folders/sl/pgjl1dnj639_5ckvzg537xwm0000gn/T/fire_emu_92923.sock {"metadata":{"emulator":{"name":"functions"},"message":"[worker-~diagnostic~-e9dbd173-5afc-42ea-87c2-eb198f1ae995]: Assigning socketPath: /var/folders/sl/pgjl1dnj639_5ckvzg537xwm0000gn/T/fire_emu_92923.sock"}}
[debug] [2021-05-01T16:35:03.943Z] [worker-~diagnostic~-e9dbd173-5afc-42ea-87c2-eb198f1ae995]: BUSY {"metadata":{"emulator":{"name":"functions"},"message":"[worker-~diagnostic~-e9dbd173-5afc-42ea-87c2-eb198f1ae995]: BUSY"}}
[debug] [2021-05-01T16:35:03.944Z] [worker-~diagnostic~-076ecf90-ca88-40fe-910e-59c618f93be5]: exited {"metadata":{"emulator":{"name":"functions"},"message":"[worker-~diagnostic~-076ecf90-ca88-40fe-910e-59c618f93be5]: exited"}}
[debug] [2021-05-01T16:35:03.944Z] [worker-~diagnostic~-076ecf90-ca88-40fe-910e-59c618f93be5]: FINISHED {"metadata":{"emulator":{"name":"functions"},"message":"[worker-~diagnostic~-076ecf90-ca88-40fe-910e-59c618f93be5]: FINISHED"}}
[debug] [2021-05-01T16:35:04.173Z] [runtime-status] [92923] Functions runtime initialized. {"cwd":"/Users/gregmurray/Projects/ccl/functions","node_version":"12.18.2"} {"metadata":{"emulator":{"name":"functions"},"message":"[runtime-status] [92923] Functions runtime initialized. {\"cwd\":\"/Users/gregmurray/Projects/ccl/functions\",\"node_version\":\"12.18.2\"}"}}
[debug] [2021-05-01T16:35:04.174Z] [runtime-status] [92923] Disabled runtime features: undefined {"metadata":{"emulator":{"name":"functions"},"message":"[runtime-status] [92923] Disabled runtime features: undefined"}}
[debug] [2021-05-01T16:35:04.175Z] [runtime-status] [92923] Resolved module firebase-admin {"declared":true,"installed":true,"version":"9.7.0","resolution":"/Users/gregmurray/Projects/ccl/functions/node_modules/firebase-admin/lib/index.js"} {"metadata":{"emulator":{"name":"functions"},"message":"[runtime-status] [92923] Resolved module firebase-admin {\"declared\":true,\"installed\":true,\"version\":\"9.7.0\",\"resolution\":\"/Users/gregmurray/Projects/ccl/functions/node_modules/firebase-admin/lib/index.js\"}"}}
[debug] [2021-05-01T16:35:04.177Z] [runtime-status] [92923] Resolved module firebase-functions {"declared":true,"installed":true,"version":"3.13.2","resolution":"/Users/gregmurray/Projects/ccl/functions/node_modules/firebase-functions/lib/index.js"} {"metadata":{"emulator":{"name":"functions"},"message":"[runtime-status] [92923] Resolved module firebase-functions {\"declared\":true,\"installed\":true,\"version\":\"3.13.2\",\"resolution\":\"/Users/gregmurray/Projects/ccl/functions/node_modules/firebase-functions/lib/index.js\"}"}}
[debug] [2021-05-01T16:35:04.177Z] [runtime-status] [92923] Resolved module firebase-functions {"declared":true,"installed":true,"version":"3.13.2","resolution":"/Users/gregmurray/Projects/ccl/functions/node_modules/firebase-functions/lib/index.js"} {"metadata":{"emulator":{"name":"functions"},"message":"[runtime-status] [92923] Resolved module firebase-functions {\"declared\":true,\"installed\":true,\"version\":\"3.13.2\",\"resolution\":\"/Users/gregmurray/Projects/ccl/functions/node_modules/firebase-functions/lib/index.js\"}"}}
[debug] [2021-05-01T16:35:04.178Z] [runtime-status] [92923] Outgoing network have been stubbed. [{"name":"http","status":"mocked"},{"name":"http","status":"mocked"},{"name":"https","status":"mocked"},{"name":"https","status":"mocked"},{"name":"net","status":"mocked"}] {"metadata":{"emulator":{"name":"functions"},"message":"[runtime-status] [92923] Outgoing network have been stubbed. [{\"name\":\"http\",\"status\":\"mocked\"},{\"name\":\"http\",\"status\":\"mocked\"},{\"name\":\"https\",\"status\":\"mocked\"},{\"name\":\"https\",\"status\":\"mocked\"},{\"name\":\"net\",\"status\":\"mocked\"}]"}}
[debug] [2021-05-01T16:35:04.179Z] [runtime-status] [92923] Resolved module firebase-functions {"declared":true,"installed":true,"version":"3.13.2","resolution":"/Users/gregmurray/Projects/ccl/functions/node_modules/firebase-functions/lib/index.js"} {"metadata":{"emulator":{"name":"functions"},"message":"[runtime-status] [92923] Resolved module firebase-functions {\"declared\":true,\"installed\":true,\"version\":\"3.13.2\",\"resolution\":\"/Users/gregmurray/Projects/ccl/functions/node_modules/firebase-functions/lib/index.js\"}"}}
[debug] [2021-05-01T16:35:04.225Z] [runtime-status] [92923] Checked functions.config() {"config":{}} {"metadata":{"emulator":{"name":"functions"},"message":"[runtime-status] [92923] Checked functions.config() {\"config\":{}}"}}
[debug] [2021-05-01T16:35:04.225Z] [runtime-status] [92923] firebase-functions has been stubbed. {"functionsResolution":{"declared":true,"installed":true,"version":"3.13.2","resolution":"/Users/gregmurray/Projects/ccl/functions/node_modules/firebase-functions/lib/index.js"}} {"metadata":{"emulator":{"name":"functions"},"message":"[runtime-status] [92923] firebase-functions has been stubbed. {\"functionsResolution\":{\"declared\":true,\"installed\":true,\"version\":\"3.13.2\",\"resolution\":\"/Users/gregmurray/Projects/ccl/functions/node_modules/firebase-functions/lib/index.js\"}}"}}
[debug] [2021-05-01T16:35:04.225Z] [runtime-status] [92923] Resolved module firebase-functions {"declared":true,"installed":true,"version":"3.13.2","resolution":"/Users/gregmurray/Projects/ccl/functions/node_modules/firebase-functions/lib/index.js"} {"metadata":{"emulator":{"name":"functions"},"message":"[runtime-status] [92923] Resolved module firebase-functions {\"declared\":true,\"installed\":true,\"version\":\"3.13.2\",\"resolution\":\"/Users/gregmurray/Projects/ccl/functions/node_modules/firebase-functions/lib/index.js\"}"}}
[debug] [2021-05-01T16:35:04.226Z] [runtime-status] [92923] Resolved module firebase-admin {"declared":true,"installed":true,"version":"9.7.0","resolution":"/Users/gregmurray/Projects/ccl/functions/node_modules/firebase-admin/lib/index.js"} {"metadata":{"emulator":{"name":"functions"},"message":"[runtime-status] [92923] Resolved module firebase-admin {\"declared\":true,\"installed\":true,\"version\":\"9.7.0\",\"resolution\":\"/Users/gregmurray/Projects/ccl/functions/node_modules/firebase-admin/lib/index.js\"}"}}
[debug] [2021-05-01T16:35:04.226Z] [runtime-status] [92923] Resolved module firebase-functions {"declared":true,"installed":true,"version":"3.13.2","resolution":"/Users/gregmurray/Projects/ccl/functions/node_modules/firebase-functions/lib/index.js"} {"metadata":{"emulator":{"name":"functions"},"message":"[runtime-status] [92923] Resolved module firebase-functions {\"declared\":true,\"installed\":true,\"version\":\"3.13.2\",\"resolution\":\"/Users/gregmurray/Projects/ccl/functions/node_modules/firebase-functions/lib/index.js\"}"}}
[debug] [2021-05-01T16:35:04.226Z] [runtime-status] [92923] firebase-admin has been stubbed. {"adminResolution":{"declared":true,"installed":true,"version":"9.7.0","resolution":"/Users/gregmurray/Projects/ccl/functions/node_modules/firebase-admin/lib/index.js"}} {"metadata":{"emulator":{"name":"functions"},"message":"[runtime-status] [92923] firebase-admin has been stubbed. {\"adminResolution\":{\"declared\":true,\"installed\":true,\"version\":\"9.7.0\",\"resolution\":\"/Users/gregmurray/Projects/ccl/functions/node_modules/firebase-admin/lib/index.js\"}}"}}
[debug] [2021-05-01T16:35:04.229Z] [worker-~diagnostic~-e9dbd173-5afc-42ea-87c2-eb198f1ae995]: IDLE {"metadata":{"emulator":{"name":"functions"},"message":"[worker-~diagnostic~-e9dbd173-5afc-42ea-87c2-eb198f1ae995]: IDLE"}}
